<?xml version="1.0" encoding="UTF-8"?>
<!-- Generated by org.testng.reporters.JUnitReportReporter -->
<testsuite hostname="HassanHashemLap" failures="0" tests="1" name="test.LoginTC" time="9.483" errors="0" timestamp="2022-06-17T16:04:43 EET" skipped="0">
  <testcase classname="test.LoginTC" name="Validlogin" time="9.483"/>
  <system-out/>
</testsuite> <!-- test.LoginTC -->
