<?xml version="1.0" encoding="UTF-8"?>
<!-- Generated by org.testng.reporters.JUnitReportReporter -->
<testsuite hostname="HassanHashemLap" failures="0" tests="1" name="test.OrganizationsTCases" time="4.826" errors="0" timestamp="2022-06-27T11:13:31 EET" skipped="0">
  <testcase classname="test.OrganizationsTCases" name="CreatenormalOrg" time="4.826"/>
  <system-out/>
</testsuite> <!-- test.OrganizationsTCases -->
