<?xml version="1.0" encoding="UTF-8"?>
<!-- Generated by org.testng.reporters.JUnitReportReporter -->
<testsuite hostname="HassanHashemLap" failures="0" tests="2" name="test.DashboardTCases" time="6.122" errors="0" timestamp="2022-06-24T16:52:14 EET" skipped="0">
  <testcase classname="test.DashboardTCases" name="Globalsearch" time="5.680"/>
  <system-out/>
  <testcase classname="test.DashboardTCases" name="logout" time="0.442"/>
  <system-out/>
</testsuite> <!-- test.DashboardTCases -->
