<?xml version="1.0" encoding="UTF-8"?>
<!-- Generated by org.testng.reporters.JUnitReportReporter -->
<testsuite hostname="HassanHashemLap" failures="0" tests="1" name="test.OrganizationsTCases" time="0.019" errors="0" timestamp="2022-06-24T19:55:03 EET" skipped="0">
  <testcase classname="test.OrganizationsTCases" name="CreateOrg" time="0.019"/>
  <system-out/>
</testsuite> <!-- test.OrganizationsTCases -->
