<?xml version="1.0" encoding="UTF-8"?>
<!-- Generated by org.testng.reporters.JUnitReportReporter -->
<testsuite hostname="HassanHashemLap" failures="0" tests="1" name="test.OrganizationsTCases" time="0.018" errors="0" timestamp="2022-06-24T17:09:11 EET" skipped="0">
  <testcase classname="test.OrganizationsTCases" name="Globalsearch" time="0.018"/>
  <system-out/>
</testsuite> <!-- test.OrganizationsTCases -->
