<?xml version="1.0" encoding="UTF-8"?>
<!-- Generated by org.testng.reporters.JUnitReportReporter -->
<testsuite hostname="HassanHashemLap" failures="0" tests="1" name="test.LoginTC" time="7.176" errors="0" timestamp="2022-06-16T04:33:07 EET" skipped="0">
  <testcase classname="test.LoginTC" name="login" time="7.176"/>
  <system-out/>
</testsuite> <!-- test.LoginTC -->
