<?xml version="1.0" encoding="UTF-8"?>
<!-- Generated by org.testng.reporters.JUnitReportReporter -->
<testsuite hostname="HassanHashemLap" failures="0" tests="1" name="test.Woqody_LoginTC" time="9.140" errors="0" timestamp="2022-06-18T04:14:25 EET" skipped="0">
  <testcase classname="test.Woqody_LoginTC" name="Validlogin" time="9.140"/>
  <system-out/>
</testsuite> <!-- test.Woqody_LoginTC -->
