<?xml version="1.0" encoding="UTF-8"?>
<!-- Generated by org.testng.reporters.JUnitReportReporter -->
<testsuite hostname="HassanHashemLap" failures="0" tests="1" name="test.DashboardTCases" time="19.425" errors="0" timestamp="2022-06-19T20:58:29 EET" skipped="0">
  <testcase classname="test.DashboardTCases" name="Validlogin" time="19.425"/>
  <system-out/>
</testsuite> <!-- test.DashboardTCases -->
