<?xml version="1.0" encoding="UTF-8"?>
<!-- Generated by org.testng.reporters.JUnitReportReporter -->
<testsuite hostname="HassanHashemLap" failures="0" tests="1" name="test.LoginTC" time="15.827" errors="0" timestamp="2022-06-16T16:18:51 EET" skipped="0">
  <testcase classname="test.LoginTC" name="login" time="15.827"/>
  <system-out/>
</testsuite> <!-- test.LoginTC -->
